<?xml version="1.0" encoding="UTF-8"?>
<!-- Generated by org.testng.reporters.JUnitReportReporter -->
<testsuite hostname="LAPTOP-P9PJBISD" failures="0" tests="1" name="RSATest" time="33.688" errors="0" timestamp="2022-10-21T12:21:09 EDT" skipped="0">
  <testcase classname="RSATest" name="HomePage" time="33.688"/>
  <system-out/>
</testsuite> <!-- RSATest -->
